android/.release-build-v8/_capacitor-push-notifications/intermediates/manifest_merge_blame_file/release/processReleaseManifest/manifest-merger-blame-release-report.txt
1<?xml version="1.0" encoding="utf-8"?>
2<manifest xmlns:android="http://schemas.android.com/apk/res/android"
3    package="com.capacitorjs.plugins.pushnotifications" >
4
5    <uses-sdk android:minSdkVersion="24" />
6
7    <application>
7-->src\main\AndroidManifest.xml:2:5-8:19
8        <service
8-->src\main\AndroidManifest.xml:3:9-7:19
9            android:name="com.capacitorjs.plugins.pushnotifications.MessagingService"
9-->src\main\AndroidManifest.xml:3:18-91
10            android:exported="false" >
10-->src\main\AndroidManifest.xml:3:92-116
11            <intent-filter>
11-->src\main\AndroidManifest.xml:4:13-6:29
12                <action android:name="com.google.firebase.MESSAGING_EVENT" />
12-->src\main\AndroidManifest.xml:5:17-78
12-->src\main\AndroidManifest.xml:5:25-75
13            </intent-filter>
14        </service>
15    </application>
16
17</manifest>